<?xml version="1.0" encoding="UTF-8"?>
<!-- Generated by org.testng.reporters.JUnitReportReporter -->
<testsuite hostname="LAPTOP-5VLP6L6O" failures="0" tests="1" name="com.inetBankingProject.test_case.LoginTC_01" time="3.141" errors="0" timestamp="2022-10-17T12:09:53 IST" skipped="0">
  <testcase classname="com.inetBankingProject.test_case.LoginTC_01" name="TC_001" time="3.141"/>
  <system-out/>
</testsuite> <!-- com.inetBankingProject.test_case.LoginTC_01 -->
